[debug] [2022-03-05T14:58:18.761Z] ----------------------------------------------------------------------
[debug] [2022-03-05T14:58:18.765Z] Command:       C:\Program Files\nodejs\node.exe C:\Users\shivam\AppData\Roaming\npm\node_modules\firebase-tools\lib\bin\firebase.js login
[debug] [2022-03-05T14:58:18.766Z] CLI Version:   9.20.0
[debug] [2022-03-05T14:58:18.766Z] Platform:      win32
[debug] [2022-03-05T14:58:18.766Z] Node Version:  v16.13.2
[debug] [2022-03-05T14:58:18.768Z] Time:          Sat Mar 05 2022 20:28:18 GMT+0530 (India Standard Time)
[debug] [2022-03-05T14:58:18.769Z] ----------------------------------------------------------------------
[debug] 
[debug] [2022-03-05T14:58:18.773Z] >>> [apiv2][query] GET https://firebase-public.firebaseio.com/cli.json [none]
[info] i  Firebase optionally collects CLI usage and error reporting information to help improve our products. Data is collected in accordance with Google's privacy policy (https://policies.google.com/privacy) and is not used to identify you.
 
[debug] [2022-03-05T14:58:20.059Z] <<< [apiv2][status] GET https://firebase-public.firebaseio.com/cli.json 200
[debug] [2022-03-05T14:58:20.060Z] <<< [apiv2][body] GET https://firebase-public.firebaseio.com/cli.json {"cloudBuildErrorAfter":1594252800000,"cloudBuildWarnAfter":1590019200000,"defaultNode10After":1594252800000,"minVersion":"3.0.5","node8DeploysDisabledAfter":1613390400000,"node8RuntimeDisabledAfter":1615809600000,"node8WarnAfter":1600128000000}
[info] i  To change your data collection preference at any time, run `firebase logout` and log in again. 
[info] 
[info] Visit this URL on this device to log in:
[info] https://accounts.google.com/o/oauth2/auth?client_id=563584335869-fgrhgmd47bqnekij5i8b5pr03ho849e6.apps.googleusercontent.com&scope=email%20openid%20https%3A%2F%2Fwww.googleapis.com%2Fauth%2Fcloudplatformprojects.readonly%20https%3A%2F%2Fwww.googleapis.com%2Fauth%2Ffirebase%20https%3A%2F%2Fwww.googleapis.com%2Fauth%2Fcloud-platform&response_type=code&state=842981232&redirect_uri=http%3A%2F%2Flocalhost%3A9005
[info] 
[info] Waiting for authentication...
[debug] [2022-03-05T14:58:20.890Z] Error: spawn cmd ENOENT
    at Process.ChildProcess._handle.onexit (node:internal/child_process:282:19)
    at onErrorNT (node:internal/child_process:477:16)
    at processTicksAndRejections (node:internal/process/task_queues:83:21)
[error] 
[error] Error: An unexpected error has occurred.
